Reading input parameters
Computing unknown input parameter 'A_s' using input parameter 'sigma8'
 -> matched budget equations by adjusting Omega_fld = -8.535890e-05
 -> matched budget equations by adjusting Omega_fld = -8.535890e-05
 -> matched budget equations by adjusting Omega_fld = -8.535890e-05
 -> matched budget equations by adjusting Omega_fld = -8.535890e-05
 -> matched budget equations by adjusting Omega_fld = -8.535890e-05
 -> matched budget equations by adjusting Omega_fld = -8.535890e-05
 -> matched budget equations by adjusting Omega_fld = -8.535890e-05
 -> found 'A_s = 2.145102e-09'
 -> matched budget equations by adjusting Omega_fld = -8.535890e-05
Running CLASS version v2.9.4
Computing background
 -> age = 13.641848 Gyr
 -> conformal age = 14158.487206 Mpc
 -> radiation/matter equality at z = 3349.558612
    corresponding to conformal time = 114.613387 Mpc
Computing thermodynamics with Y_He=0.2456
 -> calling HyRec version Nov2011,
    by Y. Ali-Haïmoud & C. Hirata
 -> dmeff couples from baryons at z=2.288249e+08
 -> recombination at z = 1088.484787 (max of visibility function)
    corresponding to conformal time = 281.889961 Mpc
    with comoving sound horizon = 144.725598 Mpc
    angular diameter distance = 12.736844 Mpc
    and sound horizon angle 100*theta_s = 1.042947
    Thomson optical depth crosses one at z_* = 1084.397756
    giving an angle 100*theta_* = 1.045582
 -> baryon drag stops at z = 1061.704832
    corresponding to conformal time = 287.176132 Mpc
    with comoving sound horizon rs = 147.102177 Mpc
 -> reionization with optical depth = 0.056148
    corresponding to conformal time = 5168.024121 Mpc
Computing sources
Computing primordial spectra (analytic spectrum)
Computing transfers
Computing lensed spectra (fast mode)
Writing output files in output/n2_1e-4GeV_2.9064e-27_newt_... 
